{"C:\\Users\\HP\\OneDrive\\Desktop\\Dekstop_files\\Namaste_React\\Namaste-React\\Time_for_test\\Slices\\Cartslice.js": {"path":"C:\\Users\\HP\\OneDrive\\Desktop\\Dekstop_files\\Namaste_React\\Namaste-React\\Time_for_test\\Slices\\Cartslice.js","statementMap":{"0":{"start":{"line":3,"column":18},"end":{"line":23,"column":2}},"1":{"start":{"line":10,"column":12},"end":{"line":10,"column":45}},"2":{"start":{"line":13,"column":12},"end":{"line":13,"column":46}},"3":{"start":{"line":16,"column":35},"end":{"line":16,"column":56}},"4":{"start":{"line":17,"column":12},"end":{"line":17,"column":37}},"5":{"start":{"line":18,"column":12},"end":{"line":18,"column":85}},"6":{"start":{"line":18,"column":53},"end":{"line":18,"column":83}},"7":{"start":{"line":25,"column":37},"end":{"line":25,"column":56}}},"fnMap":{"0":{"name":"(anonymous_0)","decl":{"start":{"line":9,"column":16},"end":{"line":9,"column":17}},"loc":{"start":{"line":9,"column":32},"end":{"line":11,"column":9}},"line":9},"1":{"name":"(anonymous_1)","decl":{"start":{"line":12,"column":21},"end":{"line":12,"column":22}},"loc":{"start":{"line":12,"column":39},"end":{"line":14,"column":9}},"line":12},"2":{"name":"(anonymous_2)","decl":{"start":{"line":15,"column":20},"end":{"line":15,"column":21}},"loc":{"start":{"line":15,"column":39},"end":{"line":19,"column":9}},"line":15},"3":{"name":"(anonymous_3)","decl":{"start":{"line":18,"column":45},"end":{"line":18,"column":46}},"loc":{"start":{"line":18,"column":53},"end":{"line":18,"column":83}},"line":18}},"branchMap":{},"s":{"0":1,"1":0,"2":0,"3":0,"4":0,"5":0,"6":0,"7":1},"f":{"0":0,"1":0,"2":0,"3":0},"b":{},"_coverageSchema":"1a1c01bbd47fc00a2c39e90264f33305004495a9","hash":"0d4b1d063785c1134e8e2a5795af3f917943bdfd"}
,"C:\\Users\\HP\\OneDrive\\Desktop\\Dekstop_files\\Namaste_React\\Namaste-React\\Time_for_test\\Slices\\Searchlistslice.js": {"path":"C:\\Users\\HP\\OneDrive\\Desktop\\Dekstop_files\\Namaste_React\\Namaste-React\\Time_for_test\\Slices\\Searchlistslice.js","statementMap":{"0":{"start":{"line":3,"column":18},"end":{"line":15,"column":2}},"1":{"start":{"line":10,"column":12},"end":{"line":10,"column":46}},"2":{"start":{"line":11,"column":12},"end":{"line":11,"column":38}},"3":{"start":{"line":17,"column":32},"end":{"line":17,"column":51}},"4":{"start":{"line":18,"column":32},"end":{"line":18,"column":51}}},"fnMap":{"0":{"name":"(anonymous_0)","decl":{"start":{"line":9,"column":21},"end":{"line":9,"column":22}},"loc":{"start":{"line":9,"column":39},"end":{"line":12,"column":9}},"line":9}},"branchMap":{},"s":{"0":1,"1":0,"2":0,"3":1,"4":1},"f":{"0":0},"b":{},"_coverageSchema":"1a1c01bbd47fc00a2c39e90264f33305004495a9","hash":"fbe73511dfb0efdf06c6a038699215d096ae4446"}
,"C:\\Users\\HP\\OneDrive\\Desktop\\Dekstop_files\\Namaste_React\\Namaste-React\\Time_for_test\\hooks\\useRestaurantname.js": {"path":"C:\\Users\\HP\\OneDrive\\Desktop\\Dekstop_files\\Namaste_React\\Namaste-React\\Time_for_test\\hooks\\useRestaurantname.js","statementMap":{"0":{"start":{"line":3,"column":24},"end":{"line":30,"column":1}},"1":{"start":{"line":4,"column":38},"end":{"line":4,"column":50}},"2":{"start":{"line":5,"column":5},"end":{"line":5,"column":24}},"3":{"start":{"line":6,"column":2},"end":{"line":27,"column":7}},"4":{"start":{"line":7,"column":31},"end":{"line":25,"column":10}},"5":{"start":{"line":9,"column":14},"end":{"line":24,"column":15}},"6":{"start":{"line":10,"column":35},"end":{"line":10,"column":179}},"7":{"start":{"line":12,"column":16},"end":{"line":15,"column":17}},"8":{"start":{"line":14,"column":20},"end":{"line":14,"column":56}},"9":{"start":{"line":16,"column":34},"end":{"line":16,"column":58}},"10":{"start":{"line":17,"column":31},"end":{"line":17,"column":74}},"11":{"start":{"line":19,"column":16},"end":{"line":19,"column":41}},"12":{"start":{"line":20,"column":16},"end":{"line":20,"column":38}},"13":{"start":{"line":23,"column":16},"end":{"line":23,"column":31}},"14":{"start":{"line":26,"column":9},"end":{"line":26,"column":25}},"15":{"start":{"line":29,"column":2},"end":{"line":29,"column":22}}},"fnMap":{"0":{"name":"(anonymous_0)","decl":{"start":{"line":3,"column":24},"end":{"line":3,"column":25}},"loc":{"start":{"line":3,"column":33},"end":{"line":30,"column":1}},"line":3},"1":{"name":"(anonymous_1)","decl":{"start":{"line":6,"column":12},"end":{"line":6,"column":13}},"loc":{"start":{"line":6,"column":16},"end":{"line":27,"column":3}},"line":6},"2":{"name":"(anonymous_2)","decl":{"start":{"line":7,"column":31},"end":{"line":7,"column":32}},"loc":{"start":{"line":7,"column":40},"end":{"line":25,"column":10}},"line":7}},"branchMap":{"0":{"loc":{"start":{"line":12,"column":16},"end":{"line":15,"column":17}},"type":"if","locations":[{"start":{"line":12,"column":16},"end":{"line":15,"column":17}},{"start":{},"end":{}}],"line":12}},"s":{"0":1,"1":0,"2":0,"3":0,"4":0,"5":0,"6":0,"7":0,"8":0,"9":0,"10":0,"11":0,"12":0,"13":0,"14":0,"15":0},"f":{"0":0,"1":0,"2":0},"b":{"0":[0,0]},"_coverageSchema":"1a1c01bbd47fc00a2c39e90264f33305004495a9","hash":"f2e7756e572a4061a4a871ef9f58badd44cdbe84"}
,"C:\\Users\\HP\\OneDrive\\Desktop\\Dekstop_files\\Namaste_React\\Namaste-React\\Time_for_test\\src\\Cart.jsx": {"path":"C:\\Users\\HP\\OneDrive\\Desktop\\Dekstop_files\\Namaste_React\\Namaste-React\\Time_for_test\\src\\Cart.jsx","statementMap":{"0":{"start":{"line":6,"column":13},"end":{"line":48,"column":1}},"1":{"start":{"line":8,"column":15},"end":{"line":8,"column":53}},"2":{"start":{"line":8,"column":36},"end":{"line":8,"column":52}},"3":{"start":{"line":9,"column":5},"end":{"line":9,"column":23}},"4":{"start":{"line":10,"column":4},"end":{"line":47,"column":6}}},"fnMap":{"0":{"name":"(anonymous_0)","decl":{"start":{"line":6,"column":13},"end":{"line":6,"column":14}},"loc":{"start":{"line":6,"column":19},"end":{"line":48,"column":1}},"line":6},"1":{"name":"(anonymous_1)","decl":{"start":{"line":8,"column":27},"end":{"line":8,"column":28}},"loc":{"start":{"line":8,"column":36},"end":{"line":8,"column":52}},"line":8}},"branchMap":{"0":{"loc":{"start":{"line":13,"column":18},"end":{"line":37,"column":17}},"type":"cond-expr","locations":[{"start":{"line":14,"column":20},"end":{"line":33,"column":24}},{"start":{"line":35,"column":21},"end":{"line":36,"column":26}}],"line":13}},"s":{"0":1,"1":0,"2":0,"3":0,"4":0},"f":{"0":0,"1":0},"b":{"0":[0,0]},"_coverageSchema":"1a1c01bbd47fc00a2c39e90264f33305004495a9","hash":"02424c3396ef2b4ba47b88d741b5012f47c6f6ae"}
,"C:\\Users\\HP\\OneDrive\\Desktop\\Dekstop_files\\Namaste_React\\Namaste-React\\Time_for_test\\src\\sessionStorage.js": {"path":"C:\\Users\\HP\\OneDrive\\Desktop\\Dekstop_files\\Namaste_React\\Namaste-React\\Time_for_test\\src\\sessionStorage.js","statementMap":{"0":{"start":{"line":1,"column":47},"end":{"line":3,"column":3}},"1":{"start":{"line":2,"column":4},"end":{"line":2,"column":73}},"2":{"start":{"line":6,"column":51},"end":{"line":9,"column":3}},"3":{"start":{"line":7,"column":31},"end":{"line":7,"column":69}},"4":{"start":{"line":8,"column":4},"end":{"line":8,"column":70}}},"fnMap":{"0":{"name":"(anonymous_0)","decl":{"start":{"line":1,"column":47},"end":{"line":1,"column":48}},"loc":{"start":{"line":1,"column":65},"end":{"line":3,"column":3}},"line":1},"1":{"name":"(anonymous_1)","decl":{"start":{"line":6,"column":51},"end":{"line":6,"column":52}},"loc":{"start":{"line":6,"column":57},"end":{"line":9,"column":3}},"line":6}},"branchMap":{"0":{"loc":{"start":{"line":8,"column":11},"end":{"line":8,"column":69}},"type":"cond-expr","locations":[{"start":{"line":8,"column":32},"end":{"line":8,"column":62}},{"start":{"line":8,"column":65},"end":{"line":8,"column":69}}],"line":8}},"s":{"0":1,"1":0,"2":1,"3":0,"4":0},"f":{"0":0,"1":0},"b":{"0":[0,0]},"_coverageSchema":"1a1c01bbd47fc00a2c39e90264f33305004495a9","hash":"7dd9a62a6285004b601a6b0a3d1aa4add5fb3817"}
,"C:\\Users\\HP\\OneDrive\\Desktop\\Dekstop_files\\Namaste_React\\Namaste-React\\Time_for_test\\src\\sum.js": {"path":"C:\\Users\\HP\\OneDrive\\Desktop\\Dekstop_files\\Namaste_React\\Namaste-React\\Time_for_test\\src\\sum.js","statementMap":{"0":{"start":{"line":1,"column":19},"end":{"line":3,"column":1}},"1":{"start":{"line":2,"column":4},"end":{"line":2,"column":16}}},"fnMap":{"0":{"name":"(anonymous_0)","decl":{"start":{"line":1,"column":19},"end":{"line":1,"column":20}},"loc":{"start":{"line":1,"column":26},"end":{"line":3,"column":1}},"line":1}},"branchMap":{},"s":{"0":1,"1":1},"f":{"0":1},"b":{},"_coverageSchema":"1a1c01bbd47fc00a2c39e90264f33305004495a9","hash":"4a5ce1b63fd29ae26a1ffdfca920992be0976600"}
,"C:\\Users\\HP\\OneDrive\\Desktop\\Dekstop_files\\Namaste_React\\Namaste-React\\Time_for_test\\src\\Auth\\SignIn.jsx": {"path":"C:\\Users\\HP\\OneDrive\\Desktop\\Dekstop_files\\Namaste_React\\Namaste-React\\Time_for_test\\src\\Auth\\SignIn.jsx","statementMap":{"0":{"start":{"line":4,"column":0},"end":{"line":4,"column":39}},"1":{"start":{"line":5,"column":14},"end":{"line":78,"column":1}},"2":{"start":{"line":6,"column":34},"end":{"line":6,"column":49}},"3":{"start":{"line":7,"column":38},"end":{"line":7,"column":53}},"4":{"start":{"line":8,"column":23},"end":{"line":10,"column":5}},"5":{"start":{"line":9,"column":8},"end":{"line":9,"column":31}},"6":{"start":{"line":12,"column":25},"end":{"line":14,"column":5}},"7":{"start":{"line":13,"column":8},"end":{"line":13,"column":35}},"8":{"start":{"line":15,"column":4},"end":{"line":15,"column":29}},"9":{"start":{"line":15,"column":17},"end":{"line":15,"column":29}},"10":{"start":{"line":16,"column":4},"end":{"line":77,"column":5}}},"fnMap":{"0":{"name":"(anonymous_0)","decl":{"start":{"line":5,"column":14},"end":{"line":5,"column":15}},"loc":{"start":{"line":5,"column":45},"end":{"line":78,"column":1}},"line":5},"1":{"name":"(anonymous_1)","decl":{"start":{"line":8,"column":23},"end":{"line":8,"column":24}},"loc":{"start":{"line":8,"column":27},"end":{"line":10,"column":5}},"line":8},"2":{"name":"(anonymous_2)","decl":{"start":{"line":12,"column":25},"end":{"line":12,"column":26}},"loc":{"start":{"line":12,"column":29},"end":{"line":14,"column":5}},"line":12}},"branchMap":{"0":{"loc":{"start":{"line":15,"column":4},"end":{"line":15,"column":29}},"type":"if","locations":[{"start":{"line":15,"column":4},"end":{"line":15,"column":29}},{"start":{},"end":{}}],"line":15},"1":{"loc":{"start":{"line":25,"column":61},"end":{"line":25,"column":92}},"type":"cond-expr","locations":[{"start":{"line":25,"column":73},"end":{"line":25,"column":81}},{"start":{"line":25,"column":84},"end":{"line":25,"column":91}}],"line":25},"2":{"loc":{"start":{"line":27,"column":109},"end":{"line":27,"column":149}},"type":"cond-expr","locations":[{"start":{"line":27,"column":121},"end":{"line":27,"column":129}},{"start":{"line":27,"column":132},"end":{"line":27,"column":148}}],"line":27},"3":{"loc":{"start":{"line":38,"column":40},"end":{"line":63,"column":41}},"type":"binary-expr","locations":[{"start":{"line":38,"column":40},"end":{"line":38,"column":48}},{"start":{"line":39,"column":48},"end":{"line":62,"column":49}}],"line":38},"4":{"loc":{"start":{"line":51,"column":50},"end":{"line":61,"column":49}},"type":"cond-expr","locations":[{"start":{"line":52,"column":52},"end":{"line":56,"column":58}},{"start":{"line":58,"column":52},"end":{"line":60,"column":58}}],"line":51},"5":{"loc":{"start":{"line":67,"column":114},"end":{"line":67,"column":147}},"type":"cond-expr","locations":[{"start":{"line":67,"column":126},"end":{"line":67,"column":136}},{"start":{"line":67,"column":139},"end":{"line":67,"column":146}}],"line":67}},"s":{"0":1,"1":1,"2":0,"3":0,"4":0,"5":0,"6":0,"7":0,"8":0,"9":0,"10":0},"f":{"0":0,"1":0,"2":0},"b":{"0":[0,0],"1":[0,0],"2":[0,0],"3":[0,0],"4":[0,0],"5":[0,0]},"_coverageSchema":"1a1c01bbd47fc00a2c39e90264f33305004495a9","hash":"d10a609c338dce268862a675e460352c581846b9"}
,"C:\\Users\\HP\\OneDrive\\Desktop\\Dekstop_files\\Namaste_React\\Namaste-React\\Time_for_test\\src\\Cartcomponent\\Cartaddeddata.jsx": {"path":"C:\\Users\\HP\\OneDrive\\Desktop\\Dekstop_files\\Namaste_React\\Namaste-React\\Time_for_test\\src\\Cartcomponent\\Cartaddeddata.jsx","statementMap":{"0":{"start":{"line":4,"column":20},"end":{"line":81,"column":1}},"1":{"start":{"line":5,"column":31},"end":{"line":5,"column":77}},"2":{"start":{"line":6,"column":25},"end":{"line":6,"column":68}},"3":{"start":{"line":7,"column":19},"end":{"line":7,"column":32}},"4":{"start":{"line":8,"column":8},"end":{"line":8,"column":26}},"5":{"start":{"line":14,"column":6},"end":{"line":14,"column":10}},"6":{"start":{"line":16,"column":4},"end":{"line":25,"column":19}},"7":{"start":{"line":17,"column":8},"end":{"line":24,"column":9}},"8":{"start":{"line":18,"column":34},"end":{"line":18,"column":39}},"9":{"start":{"line":19,"column":12},"end":{"line":19,"column":31}},"10":{"start":{"line":20,"column":12},"end":{"line":23,"column":15}},"11":{"start":{"line":27,"column":22},"end":{"line":29,"column":5}},"12":{"start":{"line":28,"column":8},"end":{"line":28,"column":18}},"13":{"start":{"line":30,"column":27},"end":{"line":32,"column":5}},"14":{"start":{"line":31,"column":8},"end":{"line":31,"column":28}},"15":{"start":{"line":33,"column":26},"end":{"line":35,"column":5}},"16":{"start":{"line":34,"column":8},"end":{"line":34,"column":28}},"17":{"start":{"line":37,"column":5},"end":{"line":40,"column":24}},"18":{"start":{"line":38,"column":7},"end":{"line":38,"column":48}},"19":{"start":{"line":39,"column":7},"end":{"line":39,"column":50}},"20":{"start":{"line":42,"column":5},"end":{"line":42,"column":24}},"21":{"start":{"line":43,"column":4},"end":{"line":80,"column":5}},"22":{"start":{"line":60,"column":84},"end":{"line":60,"column":118}},"23":{"start":{"line":63,"column":85},"end":{"line":63,"column":121}}},"fnMap":{"0":{"name":"(anonymous_0)","decl":{"start":{"line":4,"column":20},"end":{"line":4,"column":21}},"loc":{"start":{"line":4,"column":28},"end":{"line":81,"column":1}},"line":4},"1":{"name":"(anonymous_1)","decl":{"start":{"line":16,"column":14},"end":{"line":16,"column":15}},"loc":{"start":{"line":16,"column":18},"end":{"line":25,"column":1}},"line":16},"2":{"name":"(anonymous_2)","decl":{"start":{"line":27,"column":22},"end":{"line":27,"column":23}},"loc":{"start":{"line":27,"column":28},"end":{"line":29,"column":5}},"line":27},"3":{"name":"(anonymous_3)","decl":{"start":{"line":30,"column":27},"end":{"line":30,"column":28}},"loc":{"start":{"line":30,"column":31},"end":{"line":32,"column":5}},"line":30},"4":{"name":"(anonymous_4)","decl":{"start":{"line":33,"column":26},"end":{"line":33,"column":27}},"loc":{"start":{"line":33,"column":30},"end":{"line":35,"column":5}},"line":33},"5":{"name":"(anonymous_5)","decl":{"start":{"line":37,"column":15},"end":{"line":37,"column":16}},"loc":{"start":{"line":37,"column":19},"end":{"line":40,"column":6}},"line":37},"6":{"name":"(anonymous_6)","decl":{"start":{"line":60,"column":79},"end":{"line":60,"column":80}},"loc":{"start":{"line":60,"column":83},"end":{"line":60,"column":119}},"line":60},"7":{"name":"(anonymous_7)","decl":{"start":{"line":63,"column":80},"end":{"line":63,"column":81}},"loc":{"start":{"line":63,"column":84},"end":{"line":63,"column":122}},"line":63}},"branchMap":{"0":{"loc":{"start":{"line":5,"column":40},"end":{"line":5,"column":76}},"type":"binary-expr","locations":[{"start":{"line":5,"column":40},"end":{"line":5,"column":71}},{"start":{"line":5,"column":75},"end":{"line":5,"column":76}}],"line":5},"1":{"loc":{"start":{"line":6,"column":34},"end":{"line":6,"column":67}},"type":"binary-expr","locations":[{"start":{"line":6,"column":34},"end":{"line":6,"column":62}},{"start":{"line":6,"column":66},"end":{"line":6,"column":67}}],"line":6},"2":{"loc":{"start":{"line":17,"column":8},"end":{"line":24,"column":9}},"type":"if","locations":[{"start":{"line":17,"column":8},"end":{"line":24,"column":9}},{"start":{},"end":{}}],"line":17},"3":{"loc":{"start":{"line":71,"column":39},"end":{"line":71,"column":83}},"type":"cond-expr","locations":[{"start":{"line":71,"column":48},"end":{"line":71,"column":59}},{"start":{"line":71,"column":64},"end":{"line":71,"column":82}}],"line":71}},"s":{"0":1,"1":0,"2":0,"3":0,"4":0,"5":0,"6":0,"7":0,"8":0,"9":0,"10":0,"11":0,"12":0,"13":0,"14":0,"15":0,"16":0,"17":0,"18":0,"19":0,"20":0,"21":0,"22":0,"23":0},"f":{"0":0,"1":0,"2":0,"3":0,"4":0,"5":0,"6":0,"7":0},"b":{"0":[0,0],"1":[0,0],"2":[0,0],"3":[0,0]},"_coverageSchema":"1a1c01bbd47fc00a2c39e90264f33305004495a9","hash":"9046cb0bca36e6f8d408fde3b0cfa7941b3ff9d1"}
,"C:\\Users\\HP\\OneDrive\\Desktop\\Dekstop_files\\Namaste_React\\Namaste-React\\Time_for_test\\src\\Cartcomponent\\Cartfooter.jsx": {"path":"C:\\Users\\HP\\OneDrive\\Desktop\\Dekstop_files\\Namaste_React\\Namaste-React\\Time_for_test\\src\\Cartcomponent\\Cartfooter.jsx","statementMap":{"0":{"start":{"line":9,"column":19},"end":{"line":102,"column":1}},"1":{"start":{"line":11,"column":30},"end":{"line":11,"column":45}},"2":{"start":{"line":12,"column":17},"end":{"line":12,"column":59}},"3":{"start":{"line":12,"column":41},"end":{"line":12,"column":57}},"4":{"start":{"line":13,"column":24},"end":{"line":15,"column":6}},"5":{"start":{"line":14,"column":11},"end":{"line":14,"column":30}},"6":{"start":{"line":17,"column":4},"end":{"line":101,"column":6}}},"fnMap":{"0":{"name":"(anonymous_0)","decl":{"start":{"line":9,"column":19},"end":{"line":9,"column":20}},"loc":{"start":{"line":9,"column":25},"end":{"line":102,"column":1}},"line":9},"1":{"name":"(anonymous_1)","decl":{"start":{"line":12,"column":29},"end":{"line":12,"column":30}},"loc":{"start":{"line":12,"column":41},"end":{"line":12,"column":57}},"line":12},"2":{"name":"(anonymous_2)","decl":{"start":{"line":13,"column":24},"end":{"line":13,"column":25}},"loc":{"start":{"line":13,"column":28},"end":{"line":15,"column":6}},"line":13}},"branchMap":{"0":{"loc":{"start":{"line":21,"column":22},"end":{"line":32,"column":31}},"type":"cond-expr","locations":[{"start":{"line":22,"column":31},"end":{"line":30,"column":36}},{"start":{"line":31,"column":23},"end":{"line":32,"column":30}}],"line":21},"1":{"loc":{"start":{"line":80,"column":21},"end":{"line":93,"column":21}},"type":"cond-expr","locations":[{"start":{"line":81,"column":24},"end":{"line":87,"column":30}},{"start":{"line":90,"column":24},"end":{"line":92,"column":30}}],"line":80}},"s":{"0":1,"1":0,"2":0,"3":0,"4":0,"5":0,"6":0},"f":{"0":0,"1":0,"2":0},"b":{"0":[0,0],"1":[0,0]},"_coverageSchema":"1a1c01bbd47fc00a2c39e90264f33305004495a9","hash":"5c4bcca263ee4dc4041f0f34ee3f71a9095cffc9"}
,"C:\\Users\\HP\\OneDrive\\Desktop\\Dekstop_files\\Namaste_React\\Namaste-React\\Time_for_test\\src\\Cartcomponent\\Cartwithdata.jsx": {"path":"C:\\Users\\HP\\OneDrive\\Desktop\\Dekstop_files\\Namaste_React\\Namaste-React\\Time_for_test\\src\\Cartcomponent\\Cartwithdata.jsx","statementMap":{"0":{"start":{"line":7,"column":21},"end":{"line":107,"column":1}},"1":{"start":{"line":8,"column":21},"end":{"line":8,"column":63}},"2":{"start":{"line":8,"column":45},"end":{"line":8,"column":61}},"3":{"start":{"line":9,"column":4},"end":{"line":9,"column":26}},"4":{"start":{"line":15,"column":8},"end":{"line":15,"column":22}},"5":{"start":{"line":16,"column":4},"end":{"line":16,"column":23}},"6":{"start":{"line":17,"column":23},"end":{"line":17,"column":47}},"7":{"start":{"line":23,"column":8},"end":{"line":23,"column":18}},"8":{"start":{"line":24,"column":4},"end":{"line":24,"column":22}},"9":{"start":{"line":25,"column":4},"end":{"line":25,"column":26}},"10":{"start":{"line":26,"column":4},"end":{"line":26,"column":35}},"11":{"start":{"line":28,"column":4},"end":{"line":106,"column":5}},"12":{"start":{"line":56,"column":40},"end":{"line":56,"column":101}}},"fnMap":{"0":{"name":"(anonymous_0)","decl":{"start":{"line":7,"column":21},"end":{"line":7,"column":22}},"loc":{"start":{"line":7,"column":27},"end":{"line":107,"column":1}},"line":7},"1":{"name":"(anonymous_1)","decl":{"start":{"line":8,"column":33},"end":{"line":8,"column":34}},"loc":{"start":{"line":8,"column":45},"end":{"line":8,"column":61}},"line":8},"2":{"name":"(anonymous_2)","decl":{"start":{"line":55,"column":49},"end":{"line":55,"column":50}},"loc":{"start":{"line":56,"column":40},"end":{"line":56,"column":101}},"line":56}},"branchMap":{},"s":{"0":1,"1":0,"2":0,"3":0,"4":0,"5":0,"6":0,"7":0,"8":0,"9":0,"10":0,"11":0,"12":0},"f":{"0":0,"1":0,"2":0},"b":{},"_coverageSchema":"1a1c01bbd47fc00a2c39e90264f33305004495a9","hash":"54c2357f8c686144184410dca4a48fa873856296"}
,"C:\\Users\\HP\\OneDrive\\Desktop\\Dekstop_files\\Namaste_React\\Namaste-React\\Time_for_test\\utils\\appStore.js": {"path":"C:\\Users\\HP\\OneDrive\\Desktop\\Dekstop_files\\Namaste_React\\Namaste-React\\Time_for_test\\utils\\appStore.js","statementMap":{"0":{"start":{"line":5,"column":15},"end":{"line":11,"column":2}}},"fnMap":{},"branchMap":{},"s":{"0":1},"f":{},"b":{},"_coverageSchema":"1a1c01bbd47fc00a2c39e90264f33305004495a9","hash":"d201fcafce61b89299516a68bf7646f2b9118260"}
,"C:\\Users\\HP\\OneDrive\\Desktop\\Dekstop_files\\Namaste_React\\Namaste-React\\Time_for_test\\utils\\constant.js": {"path":"C:\\Users\\HP\\OneDrive\\Desktop\\Dekstop_files\\Namaste_React\\Namaste-React\\Time_for_test\\utils\\constant.js","statementMap":{"0":{"start":{"line":5,"column":29},"end":{"line":11,"column":1}},"1":{"start":{"line":6,"column":22},"end":{"line":6,"column":57}},"2":{"start":{"line":7,"column":2},"end":{"line":7,"column":27}},"3":{"start":{"line":8,"column":19},"end":{"line":8,"column":88}},"4":{"start":{"line":9,"column":20},"end":{"line":9,"column":91}},"5":{"start":{"line":10,"column":2},"end":{"line":10,"column":151}},"6":{"start":{"line":15,"column":2},"end":{"line":15,"column":85}},"7":{"start":{"line":18,"column":2},"end":{"line":18,"column":129}},"8":{"start":{"line":21,"column":2},"end":{"line":21,"column":125}},"9":{"start":{"line":23,"column":23},"end":{"line":23,"column":157}},"10":{"start":{"line":25,"column":24},"end":{"line":25,"column":113}},"11":{"start":{"line":27,"column":24},"end":{"line":27,"column":97}},"12":{"start":{"line":29,"column":23},"end":{"line":29,"column":61}},"13":{"start":{"line":31,"column":29},"end":{"line":31,"column":152}},"14":{"start":{"line":33,"column":20},"end":{"line":33,"column":65}},"15":{"start":{"line":35,"column":29},"end":{"line":35,"column":103}},"16":{"start":{"line":37,"column":25},"end":{"line":37,"column":102}},"17":{"start":{"line":39,"column":28},"end":{"line":39,"column":123}}},"fnMap":{"0":{"name":"(anonymous_0)","decl":{"start":{"line":5,"column":29},"end":{"line":5,"column":30}},"loc":{"start":{"line":5,"column":35},"end":{"line":11,"column":1}},"line":5}},"branchMap":{"0":{"loc":{"start":{"line":8,"column":19},"end":{"line":8,"column":88}},"type":"cond-expr","locations":[{"start":{"line":8,"column":57},"end":{"line":8,"column":77}},{"start":{"line":8,"column":80},"end":{"line":8,"column":88}}],"line":8},"1":{"loc":{"start":{"line":8,"column":19},"end":{"line":8,"column":54}},"type":"binary-expr","locations":[{"start":{"line":8,"column":19},"end":{"line":8,"column":30}},{"start":{"line":8,"column":34},"end":{"line":8,"column":54}}],"line":8},"2":{"loc":{"start":{"line":9,"column":20},"end":{"line":9,"column":91}},"type":"cond-expr","locations":[{"start":{"line":9,"column":59},"end":{"line":9,"column":80}},{"start":{"line":9,"column":83},"end":{"line":9,"column":91}}],"line":9},"3":{"loc":{"start":{"line":9,"column":20},"end":{"line":9,"column":56}},"type":"binary-expr","locations":[{"start":{"line":9,"column":20},"end":{"line":9,"column":31}},{"start":{"line":9,"column":35},"end":{"line":9,"column":56}}],"line":9}},"s":{"0":1,"1":0,"2":0,"3":0,"4":0,"5":0,"6":1,"7":1,"8":1,"9":1,"10":1,"11":1,"12":1,"13":1,"14":1,"15":1,"16":1,"17":1},"f":{"0":0},"b":{"0":[0,0],"1":[0,0],"2":[0,0],"3":[0,0]},"_coverageSchema":"1a1c01bbd47fc00a2c39e90264f33305004495a9","hash":"0f3f2131f6d039f2270964851c9445f2434aa187"}
}
